# JRE version: Java(TM) SE Runtime Environment (17.0.14+8) (build 17.0.14+8-LTS-191)
# Java VM: Java HotSpot(TM) 64-Bit Server VM (17.0.14+8-LTS-191, mixed mode, sharing, tiered, compressed oops, compressed class ptrs, g1 gc, windows-amd64)
GC Precious Log:
 CPUs: 8 total, 8 available
 Memory: 7117M
 Large Page Support: Disabled
 NUMA Support: Disabled
 Compressed Oops: Enabled (32-bit)
 Heap Region Size: 1M
 Heap Min Capacity: 8M
 Heap Initial Capacity: 112M
 Heap Max Capacity: 1780M
 Pre-touch: Disabled
 Parallel Workers: 8
 Concurrent Workers: 2
 Concurrent Refinement Workers: 8
 Periodic GC: Disabled
Heap:
 garbage-first heap   total 71680K, used 39941K [0x0000000090c00000, 0x0000000100000000)
  region size 1024K, 22 young (22528K), 1 survivors (1024K)
 Metaspace       used 39811K, committed 40256K, reserved 1114112K
  class space    used 5278K, committed 5504K, reserved 1048576K
GC Heap History (16 events):
Event: 0.965 GC heap before
{Heap before GC invocations=0 (full 0):
 garbage-first heap   total 114688K, used 22528K [0x0000000090c00000, 0x0000000100000000)
  region size 1024K, 23 young (23552K), 0 survivors (0K)
 Metaspace       used 6433K, committed 6656K, reserved 1114112K
  class space    used 765K, committed 896K, reserved 1048576K
}
Event: 0.975 GC heap after
{Heap after GC invocations=1 (full 0):
 garbage-first heap   total 114688K, used 6917K [0x0000000090c00000, 0x0000000100000000)
  region size 1024K, 3 young (3072K), 3 survivors (3072K)
 Metaspace       used 6433K, committed 6656K, reserved 1114112K
  class space    used 765K, committed 896K, reserved 1048576K
}
Event: 1.619 GC heap before
{Heap before GC invocations=1 (full 0):
 garbage-first heap   total 114688K, used 33541K [0x0000000090c00000, 0x0000000100000000)
  region size 1024K, 30 young (30720K), 3 survivors (3072K)
 Metaspace       used 13262K, committed 13504K, reserved 1114112K
  class space    used 1631K, committed 1728K, reserved 1048576K
}
Event: 1.627 GC heap after
{Heap after GC invocations=2 (full 0):
 garbage-first heap   total 114688K, used 8805K [0x0000000090c00000, 0x0000000100000000)
  region size 1024K, 3 young (3072K), 3 survivors (3072K)
 Metaspace       used 13262K, committed 13504K, reserved 1114112K
  class space    used 1631K, committed 1728K, reserved 1048576K
}
Event: 3.119 GC heap before
{Heap before GC invocations=2 (full 0):
 garbage-first heap   total 114688K, used 53861K [0x0000000090c00000, 0x0000000100000000)
  region size 1024K, 49 young (50176K), 3 survivors (3072K)
 Metaspace       used 21233K, committed 21504K, reserved 1114112K
  class space    used 2660K, committed 2816K, reserved 1048576K
}
Event: 3.129 GC heap after
{Heap after GC invocations=3 (full 0):
 garbage-first heap   total 114688K, used 12761K [0x0000000090c00000, 0x0000000100000000)
  region size 1024K, 7 young (7168K), 7 survivors (7168K)
 Metaspace       used 21233K, committed 21504K, reserved 1114112K
  class space    used 2660K, committed 2816K, reserved 1048576K
}
Event: 4.112 GC heap before
{Heap before GC invocations=4 (full 0):
 garbage-first heap   total 51200K, used 36313K [0x0000000090c00000, 0x0000000100000000)
  region size 1024K, 30 young (30720K), 7 survivors (7168K)
 Metaspace       used 26653K, committed 27072K, reserved 1114112K
  class space    used 3388K, committed 3584K, reserved 1048576K
}
Event: 4.128 GC heap after
{Heap after GC invocations=5 (full 0):
 garbage-first heap   total 51200K, used 14938K [0x0000000090c00000, 0x0000000100000000)
  region size 1024K, 3 young (3072K), 3 survivors (3072K)
 Metaspace       used 26653K, committed 27072K, reserved 1114112K
  class space    used 3388K, committed 3584K, reserved 1048576K
}
Event: 4.163 GC heap before
{Heap before GC invocations=5 (full 0):
 garbage-first heap   total 51200K, used 14938K [0x0000000090c00000, 0x0000000100000000)
  region size 1024K, 4 young (4096K), 3 survivors (3072K)
 Metaspace       used 26815K, committed 27200K, reserved 1114112K
  class space    used 3418K, committed 3584K, reserved 1048576K
}
Event: 4.170 GC heap after
{Heap after GC invocations=6 (full 0):
 garbage-first heap   total 51200K, used 15375K [0x0000000090c00000, 0x0000000100000000)
  region size 1024K, 1 young (1024K), 1 survivors (1024K)
 Metaspace       used 26815K, committed 27200K, reserved 1114112K
  class space    used 3418K, committed 3584K, reserved 1048576K
}
Event: 4.819 GC heap before
{Heap before GC invocations=6 (full 0):
 garbage-first heap   total 51200K, used 34831K [0x0000000090c00000, 0x0000000100000000)
  region size 1024K, 20 young (20480K), 1 survivors (1024K)
 Metaspace       used 31352K, committed 31744K, reserved 1114112K
  class space    used 4112K, committed 4288K, reserved 1048576K
}
Event: 4.825 GC heap after
{Heap after GC invocations=7 (full 0):
 garbage-first heap   total 51200K, used 16538K [0x0000000090c00000, 0x0000000100000000)
  region size 1024K, 2 young (2048K), 2 survivors (2048K)
 Metaspace       used 31352K, committed 31744K, reserved 1114112K
  class space    used 4112K, committed 4288K, reserved 1048576K
}
Event: 5.408 GC heap before
{Heap before GC invocations=7 (full 0):
 garbage-first heap   total 51200K, used 35994K [0x0000000090c00000, 0x0000000100000000)
  region size 1024K, 21 young (21504K), 2 survivors (2048K)
 Metaspace       used 34614K, committed 35072K, reserved 1114112K
  class space    used 4593K, committed 4800K, reserved 1048576K
}
Event: 5.419 GC heap after
{Heap after GC invocations=8 (full 0):
 garbage-first heap   total 51200K, used 18772K [0x0000000090c00000, 0x0000000100000000)
  region size 1024K, 3 young (3072K), 3 survivors (3072K)
 Metaspace       used 34614K, committed 35072K, reserved 1114112K
  class space    used 4593K, committed 4800K, reserved 1048576K
}
Event: 5.588 GC heap before
{Heap before GC invocations=8 (full 0):
 garbage-first heap   total 51200K, used 23892K [0x0000000090c00000, 0x0000000100000000)
  region size 1024K, 9 young (9216K), 3 survivors (3072K)
 Metaspace       used 35655K, committed 36096K, reserved 1114112K
  class space    used 4735K, committed 4992K, reserved 1048576K
}
Event: 5.592 GC heap after
{Heap after GC invocations=9 (full 0):
 garbage-first heap   total 78848K, used 19461K [0x0000000090c00000, 0x0000000100000000)
  region size 1024K, 1 young (1024K), 1 survivors (1024K)
 Metaspace       used 35655K, committed 36096K, reserved 1114112K
  class space    used 4735K, committed 4992K, reserved 1048576K
}

